<?xml version="1.0" encoding="UTF-8"?>
<testsuites name="Regression_TS" time="93.676" tests="2" failures="0" errors="0">
   <testsuite name="Regression_TS" tests="2" failures="0" errors="0" time="93.676" skipped="0" timestamp="02-09-2024T19:33:34" hostname="Administrator - 172.31.10.162" id="Test Suites/Regression_TS">
      <properties>
         <property name="deviceName" value=""/>
         <property name="devicePlatform"/>
         <property name="logFolder" value="C:\\Users\\Administrator\\git\\Katalon_LibMut_POC\\Reports\\20240902_193323\\Regression_TS\\20240902_193328"/>
         <property name="logFiles" value="C:\\Users\\Administrator\\git\\Katalon_LibMut_POC\\Reports\\20240902_193323\\Regression_TS\\20240902_193328\\execution0.log"/>
         <property name="attachments" value="C:\\Users\\Administrator\\git\\Katalon_LibMut_POC\\Reports\\20240902_193323\\Regression_TS\\20240902_193328\\1725285863462.png, C:\\Users\\Administrator\\git\\Katalon_LibMut_POC\\Reports\\20240902_193323\\Regression_TS\\20240902_193328\\1725285905873.png"/>
         <property name="hostName" value="Administrator - 172.31.10.162"/>
         <property name="os" value="Windows Server 2022 64bit"/>
         <property name="katalonVersion" value="9.7.1.223"/>
         <property name="browser" value="Chrome 128.0.0.0"/>
         <property name="hostAddress" value="172.31.10.162"/>
         <property name="sessionId" value="ca574b52b341728143497a1836a132ad"/>
         <property name="seleniumVersion" value="3.141.59"/>
         <property name="proxyInformation" value="ProxyInformation { proxyOption=NO_PROXY, proxyServerType=HTTP, username=, password=********, proxyServerAddress=, proxyServerPort=0, executionList=&quot;&quot;, isApplyToDesiredCapabilities=true }"/>
         <property name="platform" value="Windows Server 2022"/>
      </properties>
      <testcase name="Test Cases/OrderPlacement" time="51.21" classname="Test Cases/OrderPlacement" status="PASSED">
         <system-out><![CDATA[02-09-2024T19:33:34 - [TEST_CASE][PASSED] - Test Cases/OrderPlacement: Test Cases/OrderPlacement

02-09-2024T19:33:34 - [TEST_STEP][PASSED] - openBrowser(""): Browser is opened with url: ''

02-09-2024T19:33:35 - [MESSAGE][INFO] - Starting 'Chrome' driver

02-09-2024T19:33:35 - [MESSAGE][INFO] - Action delay is set to 0 milliseconds

02-09-2024T19:33:38 - [MESSAGE][PASSED] - Browser is opened with url: ''

02-09-2024T19:33:38 - [TEST_STEP][PASSED] - navigateToUrl(AppUrl): Navigate to 'https://magento.softwaretestingboard.com/' successfully

02-09-2024T19:33:41 - [MESSAGE][PASSED] - Navigate to 'https://magento.softwaretestingboard.com/' successfully

02-09-2024T19:33:41 - [TEST_STEP][PASSED] - maximizeWindow(): Current window maximized

02-09-2024T19:33:42 - [MESSAGE][PASSED] - Current window maximized

02-09-2024T19:33:42 - [TEST_STEP][PASSED] - click(findTestObject("Object Repository/Ecomm/Page_Home Page/a_Sign In")): Object: 'Object Repository/Ecomm/Page_Home Page/a_Sign In' is clicked on

02-09-2024T19:33:48 - [MESSAGE][PASSED] - Object: 'Object Repository/Ecomm/Page_Home Page/a_Sign In' is clicked on

02-09-2024T19:33:48 - [TEST_STEP][PASSED] - setText(findTestObject("Object Repository/Ecomm/Page_Customer Login/input_Email_loginusername"), Username): Text 'libosem856@apifan.com' is set on object 'Object Repository/Ecomm/Page_Customer Login/input_Email_loginusername'

02-09-2024T19:33:49 - [MESSAGE][PASSED] - Text 'libosem856@apifan.com' is set on object 'Object Repository/Ecomm/Page_Customer Login/input_Email_loginusername'

02-09-2024T19:33:49 - [TEST_STEP][PASSED] - setText(findTestObject("Object Repository/Ecomm/Page_Customer Login/input_Password_loginpassword"), Password): Text 'Test@123' is set on object 'Object Repository/Ecomm/Page_Customer Login/input_Password_loginpassword'

02-09-2024T19:33:50 - [MESSAGE][PASSED] - Text 'Test@123' is set on object 'Object Repository/Ecomm/Page_Customer Login/input_Password_loginpassword'

02-09-2024T19:33:50 - [TEST_STEP][PASSED] - click(findTestObject("Object Repository/Ecomm/Page_Customer Login/span_Sign In")): Object: 'Object Repository/Ecomm/Page_Customer Login/span_Sign In' is clicked on

02-09-2024T19:33:53 - [MESSAGE][PASSED] - Object: 'Object Repository/Ecomm/Page_Customer Login/span_Sign In' is clicked on

02-09-2024T19:33:53 - [TEST_STEP][PASSED] - click(findTestObject("Object Repository/Ecomm/Page_Home Page/span_Shorts_ui-menu-icon ui-icon ui-icon-carat-1-e")): Object: 'Object Repository/Ecomm/Page_Home Page/span_Shorts_ui-menu-icon ui-icon ui-icon-carat-1-e' is clicked on

02-09-2024T19:33:56 - [MESSAGE][PASSED] - Object: 'Object Repository/Ecomm/Page_Home Page/span_Shorts_ui-menu-icon ui-icon ui-icon-carat-1-e' is clicked on

02-09-2024T19:33:56 - [TEST_STEP][PASSED] - click(findTestObject("Object Repository/Ecomm/Page_Men/a_Jackets")): Object: 'Object Repository/Ecomm/Page_Men/a_Jackets' is clicked on

02-09-2024T19:33:59 - [MESSAGE][PASSED] - Object: 'Object Repository/Ecomm/Page_Men/a_Jackets' is clicked on

02-09-2024T19:33:59 - [TEST_STEP][PASSED] - click(findTestObject("Object Repository/Ecomm/Page_Jackets - Tops - Men/a_Montana Wind Jacket")): Object: 'Object Repository/Ecomm/Page_Jackets - Tops - Men/a_Montana Wind Jacket' is clicked on

02-09-2024T19:34:02 - [MESSAGE][PASSED] - Object: 'Object Repository/Ecomm/Page_Jackets - Tops - Men/a_Montana Wind Jacket' is clicked on

02-09-2024T19:34:02 - [TEST_STEP][PASSED] - click(findTestObject("Object Repository/Ecomm/Page_Montana Wind Jacket/div_L")): Object: 'Object Repository/Ecomm/Page_Montana Wind Jacket/div_L' is clicked on

02-09-2024T19:34:03 - [MESSAGE][PASSED] - Object: 'Object Repository/Ecomm/Page_Montana Wind Jacket/div_L' is clicked on

02-09-2024T19:34:03 - [TEST_STEP][PASSED] - click(findTestObject("Object Repository/Ecomm/Page_Montana Wind Jacket/div_Color_option-label-color-93-item-53")): Object: 'Object Repository/Ecomm/Page_Montana Wind Jacket/div_Color_option-label-color-93-item-53' is clicked on

02-09-2024T19:34:04 - [MESSAGE][PASSED] - Object: 'Object Repository/Ecomm/Page_Montana Wind Jacket/div_Color_option-label-color-93-item-53' is clicked on

02-09-2024T19:34:04 - [TEST_STEP][PASSED] - setText(findTestObject("Object Repository/Ecomm/Page_Montana Wind Jacket/input_Qty_qty"), quantity): Text '3' is set on object 'Object Repository/Ecomm/Page_Montana Wind Jacket/input_Qty_qty'

02-09-2024T19:34:05 - [MESSAGE][PASSED] - Text '3' is set on object 'Object Repository/Ecomm/Page_Montana Wind Jacket/input_Qty_qty'

02-09-2024T19:34:05 - [TEST_STEP][PASSED] - click(findTestObject("Object Repository/Ecomm/Page_Montana Wind Jacket/span_Add to Cart")): Object: 'Object Repository/Ecomm/Page_Montana Wind Jacket/span_Add to Cart' is clicked on

02-09-2024T19:34:05 - [MESSAGE][PASSED] - Object: 'Object Repository/Ecomm/Page_Montana Wind Jacket/span_Add to Cart' is clicked on

02-09-2024T19:34:05 - [TEST_STEP][PASSED] - click(findTestObject("Object Repository/Ecomm/Page_Montana Wind Jacket/span_4")): Object: 'Object Repository/Ecomm/Page_Montana Wind Jacket/span_4' is clicked on

02-09-2024T19:34:09 - [MESSAGE][PASSED] - Object: 'Object Repository/Ecomm/Page_Montana Wind Jacket/span_4' is clicked on

02-09-2024T19:34:09 - [TEST_STEP][PASSED] - click(findTestObject("Object Repository/Ecomm/Page_Montana Wind Jacket/button_Proceed to Checkout")): Object: 'Object Repository/Ecomm/Page_Montana Wind Jacket/button_Proceed to Checkout' is clicked on

02-09-2024T19:34:12 - [MESSAGE][PASSED] - Object: 'Object Repository/Ecomm/Page_Montana Wind Jacket/button_Proceed to Checkout' is clicked on

02-09-2024T19:34:12 - [TEST_STEP][PASSED] - click(findTestObject("Object Repository/Ecomm/Page_Checkout/input_Best Way_ko_unique_4")): Object: 'Object Repository/Ecomm/Page_Checkout/input_Best Way_ko_unique_4' is clicked on

02-09-2024T19:34:14 - [MESSAGE][PASSED] - Object: 'Object Repository/Ecomm/Page_Checkout/input_Best Way_ko_unique_4' is clicked on

02-09-2024T19:34:14 - [TEST_STEP][PASSED] - click(findTestObject("Object Repository/Ecomm/Page_Checkout/span_Next")): Object: 'Object Repository/Ecomm/Page_Checkout/span_Next' is clicked on

02-09-2024T19:34:15 - [MESSAGE][PASSED] - Object: 'Object Repository/Ecomm/Page_Checkout/span_Next' is clicked on

02-09-2024T19:34:15 - [TEST_STEP][PASSED] - click(findTestObject("Object Repository/Ecomm/Page_Checkout/span_Place Order")): Object: 'Object Repository/Ecomm/Page_Checkout/span_Place Order' is clicked on

02-09-2024T19:34:18 - [MESSAGE][PASSED] - Object: 'Object Repository/Ecomm/Page_Checkout/span_Place Order' is clicked on

02-09-2024T19:34:18 - [TEST_STEP][PASSED] - verifyElementPresent(findTestObject("Object Repository/Ecomm/Page_Success Page/span_ThanksForOrder"), 5): Object 'Object Repository/Ecomm/Page_Success Page/span_ThanksForOrder' is present

02-09-2024T19:34:22 - [MESSAGE][PASSED] - Object 'Object Repository/Ecomm/Page_Success Page/span_ThanksForOrder' is present

02-09-2024T19:34:22 - [TEST_STEP][PASSED] - strOrderNumber = getText(findTestObject("Object Repository/Ecomm/Page_Success Page/strong_OrderNumber")): Text of object 'Object Repository/Ecomm/Page_Success Page/strong_OrderNumber' is: '000017870'

02-09-2024T19:34:23 - [MESSAGE][PASSED] - Text of object 'Object Repository/Ecomm/Page_Success Page/strong_OrderNumber' is: '000017870'

02-09-2024T19:34:23 - [TEST_STEP][PASSED] - logInfo("Order Number: " + strOrderNumber): Order Number: 000017870

02-09-2024T19:34:23 - [MESSAGE][INFO] - Order Number: 000017870

02-09-2024T19:34:23 - [TEST_STEP][PASSED] - takeScreenshot(): Taking screenshot successfully

02-09-2024T19:34:23 - [MESSAGE][PASSED] - Taking screenshot successfully
[[ATTACHMENT|C:\\Users\\Administrator\\git\\Katalon_LibMut_POC\\Reports\\20240902_193323\\Regression_TS\\20240902_193328\\1725285863462.png]]

02-09-2024T19:34:23 - [TEST_STEP][PASSED] - click(findTestObject("Object Repository/Ecomm/Page_Success Page/strong_OrderNumber")): Object: 'Object Repository/Ecomm/Page_Success Page/strong_OrderNumber' is clicked on

02-09-2024T19:34:25 - [MESSAGE][PASSED] - Object: 'Object Repository/Ecomm/Page_Success Page/strong_OrderNumber' is clicked on

02-09-2024T19:34:25 - [TEST_STEP][PASSED] - markPassed("Test Passed"): Test Passed

02-09-2024T19:34:25 - [MESSAGE][PASSED] - Test Passed

02-09-2024T19:34:25 - [TEST_STEP][PASSED] - closeBrowser(): Browser is closed

02-09-2024T19:34:25 - [MESSAGE][PASSED] - Browser is closed]]></system-out>
         <system-err><![CDATA[]]></system-err>
      </testcase>
      <testcase name="Test Cases/OrderPlacement" time="42.182" classname="Test Cases/OrderPlacement" status="PASSED">
         <system-out><![CDATA[02-09-2024T19:34:25 - [TEST_CASE][PASSED] - Test Cases/OrderPlacement: Test Cases/OrderPlacement

02-09-2024T19:34:25 - [TEST_STEP][PASSED] - openBrowser(""): Browser is opened with url: ''

02-09-2024T19:34:25 - [MESSAGE][INFO] - Starting 'Chrome' driver

02-09-2024T19:34:25 - [MESSAGE][INFO] - Action delay is set to 0 milliseconds

02-09-2024T19:34:27 - [MESSAGE][PASSED] - Browser is opened with url: ''

02-09-2024T19:34:27 - [TEST_STEP][PASSED] - navigateToUrl(AppUrl): Navigate to 'https://magento.softwaretestingboard.com/' successfully

02-09-2024T19:34:30 - [MESSAGE][PASSED] - Navigate to 'https://magento.softwaretestingboard.com/' successfully

02-09-2024T19:34:30 - [TEST_STEP][PASSED] - maximizeWindow(): Current window maximized

02-09-2024T19:34:30 - [MESSAGE][PASSED] - Current window maximized

02-09-2024T19:34:30 - [TEST_STEP][PASSED] - click(findTestObject("Object Repository/Ecomm/Page_Home Page/a_Sign In")): Object: 'Object Repository/Ecomm/Page_Home Page/a_Sign In' is clicked on

02-09-2024T19:34:32 - [MESSAGE][PASSED] - Object: 'Object Repository/Ecomm/Page_Home Page/a_Sign In' is clicked on

02-09-2024T19:34:32 - [TEST_STEP][PASSED] - setText(findTestObject("Object Repository/Ecomm/Page_Customer Login/input_Email_loginusername"), Username): Text 'libosem856@apifan.com' is set on object 'Object Repository/Ecomm/Page_Customer Login/input_Email_loginusername'

02-09-2024T19:34:33 - [MESSAGE][PASSED] - Text 'libosem856@apifan.com' is set on object 'Object Repository/Ecomm/Page_Customer Login/input_Email_loginusername'

02-09-2024T19:34:33 - [TEST_STEP][PASSED] - setText(findTestObject("Object Repository/Ecomm/Page_Customer Login/input_Password_loginpassword"), Password): Text 'Test@123' is set on object 'Object Repository/Ecomm/Page_Customer Login/input_Password_loginpassword'

02-09-2024T19:34:34 - [MESSAGE][PASSED] - Text 'Test@123' is set on object 'Object Repository/Ecomm/Page_Customer Login/input_Password_loginpassword'

02-09-2024T19:34:34 - [TEST_STEP][PASSED] - click(findTestObject("Object Repository/Ecomm/Page_Customer Login/span_Sign In")): Object: 'Object Repository/Ecomm/Page_Customer Login/span_Sign In' is clicked on

02-09-2024T19:34:36 - [MESSAGE][PASSED] - Object: 'Object Repository/Ecomm/Page_Customer Login/span_Sign In' is clicked on

02-09-2024T19:34:36 - [TEST_STEP][PASSED] - click(findTestObject("Object Repository/Ecomm/Page_Home Page/span_Shorts_ui-menu-icon ui-icon ui-icon-carat-1-e")): Object: 'Object Repository/Ecomm/Page_Home Page/span_Shorts_ui-menu-icon ui-icon ui-icon-carat-1-e' is clicked on

02-09-2024T19:34:39 - [MESSAGE][PASSED] - Object: 'Object Repository/Ecomm/Page_Home Page/span_Shorts_ui-menu-icon ui-icon ui-icon-carat-1-e' is clicked on

02-09-2024T19:34:39 - [TEST_STEP][PASSED] - click(findTestObject("Object Repository/Ecomm/Page_Men/a_Jackets")): Object: 'Object Repository/Ecomm/Page_Men/a_Jackets' is clicked on

02-09-2024T19:34:41 - [MESSAGE][PASSED] - Object: 'Object Repository/Ecomm/Page_Men/a_Jackets' is clicked on

02-09-2024T19:34:41 - [TEST_STEP][PASSED] - click(findTestObject("Object Repository/Ecomm/Page_Jackets - Tops - Men/a_Montana Wind Jacket")): Object: 'Object Repository/Ecomm/Page_Jackets - Tops - Men/a_Montana Wind Jacket' is clicked on

02-09-2024T19:34:43 - [MESSAGE][PASSED] - Object: 'Object Repository/Ecomm/Page_Jackets - Tops - Men/a_Montana Wind Jacket' is clicked on

02-09-2024T19:34:43 - [TEST_STEP][PASSED] - click(findTestObject("Object Repository/Ecomm/Page_Montana Wind Jacket/div_L")): Object: 'Object Repository/Ecomm/Page_Montana Wind Jacket/div_L' is clicked on

02-09-2024T19:34:44 - [MESSAGE][PASSED] - Object: 'Object Repository/Ecomm/Page_Montana Wind Jacket/div_L' is clicked on

02-09-2024T19:34:44 - [TEST_STEP][PASSED] - click(findTestObject("Object Repository/Ecomm/Page_Montana Wind Jacket/div_Color_option-label-color-93-item-53")): Object: 'Object Repository/Ecomm/Page_Montana Wind Jacket/div_Color_option-label-color-93-item-53' is clicked on

02-09-2024T19:34:45 - [MESSAGE][PASSED] - Object: 'Object Repository/Ecomm/Page_Montana Wind Jacket/div_Color_option-label-color-93-item-53' is clicked on

02-09-2024T19:34:45 - [TEST_STEP][PASSED] - setText(findTestObject("Object Repository/Ecomm/Page_Montana Wind Jacket/input_Qty_qty"), quantity): Text '4' is set on object 'Object Repository/Ecomm/Page_Montana Wind Jacket/input_Qty_qty'

02-09-2024T19:34:46 - [MESSAGE][PASSED] - Text '4' is set on object 'Object Repository/Ecomm/Page_Montana Wind Jacket/input_Qty_qty'

02-09-2024T19:34:46 - [TEST_STEP][PASSED] - click(findTestObject("Object Repository/Ecomm/Page_Montana Wind Jacket/span_Add to Cart")): Object: 'Object Repository/Ecomm/Page_Montana Wind Jacket/span_Add to Cart' is clicked on

02-09-2024T19:34:46 - [MESSAGE][PASSED] - Object: 'Object Repository/Ecomm/Page_Montana Wind Jacket/span_Add to Cart' is clicked on

02-09-2024T19:34:46 - [TEST_STEP][PASSED] - click(findTestObject("Object Repository/Ecomm/Page_Montana Wind Jacket/span_4")): Object: 'Object Repository/Ecomm/Page_Montana Wind Jacket/span_4' is clicked on

02-09-2024T19:34:50 - [MESSAGE][PASSED] - Object: 'Object Repository/Ecomm/Page_Montana Wind Jacket/span_4' is clicked on

02-09-2024T19:34:50 - [TEST_STEP][PASSED] - click(findTestObject("Object Repository/Ecomm/Page_Montana Wind Jacket/button_Proceed to Checkout")): Object: 'Object Repository/Ecomm/Page_Montana Wind Jacket/button_Proceed to Checkout' is clicked on

02-09-2024T19:34:53 - [MESSAGE][PASSED] - Object: 'Object Repository/Ecomm/Page_Montana Wind Jacket/button_Proceed to Checkout' is clicked on

02-09-2024T19:34:53 - [TEST_STEP][PASSED] - click(findTestObject("Object Repository/Ecomm/Page_Checkout/input_Best Way_ko_unique_4")): Object: 'Object Repository/Ecomm/Page_Checkout/input_Best Way_ko_unique_4' is clicked on

02-09-2024T19:34:55 - [MESSAGE][PASSED] - Object: 'Object Repository/Ecomm/Page_Checkout/input_Best Way_ko_unique_4' is clicked on

02-09-2024T19:34:55 - [TEST_STEP][PASSED] - click(findTestObject("Object Repository/Ecomm/Page_Checkout/span_Next")): Object: 'Object Repository/Ecomm/Page_Checkout/span_Next' is clicked on

02-09-2024T19:34:55 - [MESSAGE][PASSED] - Object: 'Object Repository/Ecomm/Page_Checkout/span_Next' is clicked on

02-09-2024T19:34:55 - [TEST_STEP][PASSED] - click(findTestObject("Object Repository/Ecomm/Page_Checkout/span_Place Order")): Object: 'Object Repository/Ecomm/Page_Checkout/span_Place Order' is clicked on

02-09-2024T19:34:59 - [MESSAGE][PASSED] - Object: 'Object Repository/Ecomm/Page_Checkout/span_Place Order' is clicked on

02-09-2024T19:34:59 - [TEST_STEP][PASSED] - verifyElementPresent(findTestObject("Object Repository/Ecomm/Page_Success Page/span_ThanksForOrder"), 5): Object 'Object Repository/Ecomm/Page_Success Page/span_ThanksForOrder' is present

02-09-2024T19:35:05 - [MESSAGE][PASSED] - Object 'Object Repository/Ecomm/Page_Success Page/span_ThanksForOrder' is present

02-09-2024T19:35:05 - [TEST_STEP][PASSED] - strOrderNumber = getText(findTestObject("Object Repository/Ecomm/Page_Success Page/strong_OrderNumber")): Text of object 'Object Repository/Ecomm/Page_Success Page/strong_OrderNumber' is: '000017871'

02-09-2024T19:35:05 - [MESSAGE][PASSED] - Text of object 'Object Repository/Ecomm/Page_Success Page/strong_OrderNumber' is: '000017871'

02-09-2024T19:35:05 - [TEST_STEP][PASSED] - logInfo("Order Number: " + strOrderNumber): Order Number: 000017871

02-09-2024T19:35:05 - [MESSAGE][INFO] - Order Number: 000017871

02-09-2024T19:35:05 - [TEST_STEP][PASSED] - takeScreenshot(): Taking screenshot successfully

02-09-2024T19:35:05 - [MESSAGE][PASSED] - Taking screenshot successfully
[[ATTACHMENT|C:\\Users\\Administrator\\git\\Katalon_LibMut_POC\\Reports\\20240902_193323\\Regression_TS\\20240902_193328\\1725285905873.png]]

02-09-2024T19:35:05 - [TEST_STEP][PASSED] - click(findTestObject("Object Repository/Ecomm/Page_Success Page/strong_OrderNumber")): Object: 'Object Repository/Ecomm/Page_Success Page/strong_OrderNumber' is clicked on

02-09-2024T19:35:07 - [MESSAGE][PASSED] - Object: 'Object Repository/Ecomm/Page_Success Page/strong_OrderNumber' is clicked on

02-09-2024T19:35:07 - [TEST_STEP][PASSED] - markPassed("Test Passed"): Test Passed

02-09-2024T19:35:07 - [MESSAGE][PASSED] - Test Passed

02-09-2024T19:35:07 - [TEST_STEP][PASSED] - closeBrowser(): Browser is closed

02-09-2024T19:35:07 - [MESSAGE][PASSED] - Browser is closed]]></system-out>
         <system-err><![CDATA[]]></system-err>
      </testcase>
      <system-out><![CDATA[02-09-2024T19:33:34 - [TEST_SUITE][PASSED] - Regression_TS: Test Cases/OrderPlacement]]></system-out>
      <system-err><![CDATA[]]></system-err>
   </testsuite>
</testsuites>
